2025-09-07 16:14:11,959 - config.settings - INFO - ✅ Конфигурация прошла валидацию
2025-09-07 16:14:11,959 - database.database - INFO - 📁 База данных инициализирована: data/gamebot.db
2025-09-07 16:14:11,964 - __main__ - INFO - 🚀 GameMatch бот запускается...
2025-09-07 16:14:12,308 - aiogram.dispatcher - INFO - Start polling
2025-09-07 16:14:12,365 - aiogram.dispatcher - INFO - Run polling for bot @cgtest111bot id=8495792418 - 'CGTest1'
2025-09-07 16:14:16,488 - aiogram.dispatcher - ERROR - Failed to fetch updates - TelegramConflictError: Telegram server says - Conflict: terminated by other getUpdates request; make sure that only one bot instance is running
2025-09-07 16:14:16,488 - aiogram.dispatcher - WARNING - Sleep for 1.000000 seconds and try again... (tryings = 0, bot id = 8495792418)
2025-09-07 16:14:22,247 - aiogram.dispatcher - ERROR - Failed to fetch updates - TelegramConflictError: Telegram server says - Conflict: terminated by other getUpdates request; make sure that only one bot instance is running
2025-09-07 16:14:22,247 - aiogram.dispatcher - WARNING - Sleep for 1.535542 seconds and try again... (tryings = 1, bot id = 8495792418)
2025-09-07 16:14:29,207 - aiogram.dispatcher - ERROR - Failed to fetch updates - TelegramConflictError: Telegram server says - Conflict: terminated by other getUpdates request; make sure that only one bot instance is running
2025-09-07 16:14:29,207 - aiogram.dispatcher - WARNING - Sleep for 2.046792 seconds and try again... (tryings = 2, bot id = 8495792418)
2025-09-07 16:14:34,552 - aiogram.dispatcher - WARNING - Received SIGINT signal
2025-09-07 16:14:34,553 - aiogram.dispatcher - INFO - Polling stopped for bot @cgtest111bot id=8495792418 - 'CGTest1'
2025-09-07 16:14:34,553 - aiogram.dispatcher - INFO - Polling stopped
2025-09-07 16:14:49,080 - config.settings - INFO - ✅ Конфигурация прошла валидацию
2025-09-07 16:14:49,080 - database.database - INFO - 📁 База данных инициализирована: data/gamebot.db
2025-09-07 16:14:49,085 - __main__ - INFO - 🚀 GameMatch бот запускается...
2025-09-07 16:14:49,263 - aiogram.dispatcher - INFO - Start polling
2025-09-07 16:14:49,309 - aiogram.dispatcher - INFO - Run polling for bot @cgtest111bot id=8495792418 - 'CGTest1'
2025-09-07 16:15:06,083 - handlers.start - INFO - 👤 Пользователь 756885018 (justuf) запустил бота
2025-09-07 16:15:06,093 - database.database - INFO - 👤 Создан новый пользователь: 756885018
2025-09-07 16:15:06,287 - aiogram.event - INFO - Update id=912059463 is handled. Duration 204 ms by bot id=8495792418
2025-09-07 16:15:09,188 - aiogram.event - INFO - Update id=912059464 is handled. Duration 127 ms by bot id=8495792418
2025-09-07 16:15:15,795 - aiogram.event - INFO - Update id=912059465 is handled. Duration 75 ms by bot id=8495792418
2025-09-07 16:15:19,922 - aiogram.event - INFO - Update id=912059466 is handled. Duration 321 ms by bot id=8495792418
2025-09-07 16:15:22,975 - aiogram.event - INFO - Update id=912059467 is handled. Duration 137 ms by bot id=8495792418
2025-09-07 16:15:26,458 - aiogram.event - INFO - Update id=912059468 is handled. Duration 100 ms by bot id=8495792418
2025-09-07 16:15:30,442 - aiogram.event - INFO - Update id=912059469 is handled. Duration 507 ms by bot id=8495792418
2025-09-07 16:15:31,434 - aiogram.event - INFO - Update id=912059470 is handled. Duration 132 ms by bot id=8495792418
2025-09-07 16:15:32,902 - aiogram.event - INFO - Update id=912059471 is handled. Duration 71 ms by bot id=8495792418
2025-09-07 16:15:34,282 - aiogram.event - INFO - Update id=912059472 is handled. Duration 429 ms by bot id=8495792418
2025-09-07 16:15:35,552 - aiogram.event - INFO - Update id=912059473 is handled. Duration 277 ms by bot id=8495792418
2025-09-07 16:15:37,509 - aiogram.event - INFO - Update id=912059474 is handled. Duration 258 ms by bot id=8495792418
2025-09-07 16:15:39,506 - aiogram.event - INFO - Update id=912059475 is handled. Duration 567 ms by bot id=8495792418
2025-09-07 16:15:40,112 - aiogram.event - INFO - Update id=912059476 is handled. Duration 129 ms by bot id=8495792418
2025-09-07 16:15:51,026 - aiogram.event - INFO - Update id=912059477 is handled. Duration 95 ms by bot id=8495792418
2025-09-07 16:15:53,477 - aiogram.event - INFO - Update id=912059478 is handled. Duration 582 ms by bot id=8495792418
2025-09-07 16:15:56,695 - aiogram.event - INFO - Update id=912059479 is handled. Duration 175 ms by bot id=8495792418
2025-09-07 16:15:58,927 - aiogram.event - INFO - Update id=912059480 is handled. Duration 128 ms by bot id=8495792418
2025-09-07 16:16:02,338 - aiogram.event - INFO - Update id=912059481 is handled. Duration 429 ms by bot id=8495792418
2025-09-07 16:18:16,900 - aiogram.event - INFO - Update id=912059482 is handled. Duration 225 ms by bot id=8495792418
2025-09-07 16:19:16,419 - handlers.start - INFO - 👤 Пользователь 756885018 (justuf) запустил бота
2025-09-07 16:19:16,667 - aiogram.event - INFO - Update id=912059483 is handled. Duration 247 ms by bot id=8495792418
2025-09-07 16:19:20,730 - aiogram.event - INFO - Update id=912059484 is handled. Duration 129 ms by bot id=8495792418
2025-09-07 16:19:23,288 - aiogram.event - INFO - Update id=912059485 is handled. Duration 76 ms by bot id=8495792418
2025-09-07 16:19:26,306 - aiogram.event - INFO - Update id=912059486 is handled. Duration 124 ms by bot id=8495792418
2025-09-07 16:21:06,616 - aiogram.dispatcher - WARNING - Received SIGINT signal
2025-09-07 16:21:06,616 - aiogram.dispatcher - INFO - Polling stopped for bot @cgtest111bot id=8495792418 - 'CGTest1'
2025-09-07 16:21:06,616 - aiogram.dispatcher - INFO - Polling stopped
2025-09-07 16:21:41,450 - config.settings - INFO - ✅ Конфигурация прошла валидацию
2025-09-07 16:21:41,450 - database.database - INFO - 📁 База данных инициализирована: data/gamebot.db
2025-09-07 16:21:41,455 - __main__ - INFO - 🚀 GameMatch бот запускается...
2025-09-07 16:21:41,691 - aiogram.dispatcher - INFO - Start polling
2025-09-07 16:21:41,741 - aiogram.dispatcher - INFO - Run polling for bot @cgtest111bot id=8495792418 - 'CGTest1'
2025-09-07 16:21:51,576 - aiogram.event - INFO - Update id=912059487 is handled. Duration 208 ms by bot id=8495792418
2025-09-07 16:21:56,470 - aiogram.event - INFO - Update id=912059488 is handled. Duration 68 ms by bot id=8495792418
2025-09-07 16:21:59,992 - handlers.start - INFO - 👤 Пользователь 756885018 (justuf) запустил бота
2025-09-07 16:22:00,110 - aiogram.event - INFO - Update id=912059489 is handled. Duration 118 ms by bot id=8495792418
2025-09-07 16:22:01,700 - aiogram.event - INFO - Update id=912059490 is handled. Duration 185 ms by bot id=8495792418
2025-09-07 16:22:04,194 - aiogram.event - INFO - Update id=912059491 is handled. Duration 125 ms by bot id=8495792418
2025-09-07 16:22:06,686 - aiogram.event - INFO - Update id=912059492 is handled. Duration 192 ms by bot id=8495792418
2025-09-07 16:22:08,172 - aiogram.event - INFO - Update id=912059493 is handled. Duration 155 ms by bot id=8495792418
2025-09-07 16:24:24,836 - aiogram.event - INFO - Update id=912059494 is handled. Duration 186 ms by bot id=8495792418
2025-09-07 16:24:34,763 - handlers.start - INFO - 👤 Пользователь 756885018 (justuf) запустил бота
2025-09-07 16:24:34,890 - aiogram.event - INFO - Update id=912059495 is handled. Duration 126 ms by bot id=8495792418
2025-09-07 16:24:39,554 - aiogram.event - INFO - Update id=912059496 is handled. Duration 122 ms by bot id=8495792418
2025-09-07 16:24:42,343 - aiogram.event - INFO - Update id=912059497 is handled. Duration 76 ms by bot id=8495792418
2025-09-07 16:25:15,284 - handlers.start - INFO - 👤 Пользователь 764045276 (justloveroff) запустил бота
2025-09-07 16:25:15,305 - database.database - INFO - 👤 Создан новый пользователь: 764045276
2025-09-07 16:25:15,545 - aiogram.event - INFO - Update id=912059498 is handled. Duration 260 ms by bot id=8495792418
2025-09-07 16:25:17,159 - aiogram.event - INFO - Update id=912059499 is handled. Duration 175 ms by bot id=8495792418
2025-09-07 16:25:20,027 - aiogram.event - INFO - Update id=912059500 is handled. Duration 71 ms by bot id=8495792418
2025-09-07 16:25:21,971 - aiogram.event - INFO - Update id=912059501 is handled. Duration 171 ms by bot id=8495792418
2025-09-07 16:25:51,700 - aiogram.event - INFO - Update id=912059502 is handled. Duration 511 ms by bot id=8495792418
2025-09-07 16:25:54,634 - aiogram.event - INFO - Update id=912059503 is handled. Duration 67 ms by bot id=8495792418
2025-09-07 16:25:55,799 - aiogram.event - INFO - Update id=912059504 is handled. Duration 104 ms by bot id=8495792418
2025-09-07 16:25:57,322 - aiogram.event - INFO - Update id=912059505 is handled. Duration 122 ms by bot id=8495792418
2025-09-07 16:28:34,615 - aiogram.event - INFO - Update id=912059506 is handled. Duration 408 ms by bot id=8495792418
2025-09-07 16:28:36,176 - aiogram.event - INFO - Update id=912059507 is handled. Duration 127 ms by bot id=8495792418
2025-09-07 16:28:38,659 - aiogram.event - INFO - Update id=912059508 is handled. Duration 145 ms by bot id=8495792418
2025-09-07 16:28:40,068 - aiogram.event - INFO - Update id=912059509 is handled. Duration 124 ms by bot id=8495792418
2025-09-07 16:28:41,500 - aiogram.event - INFO - Update id=912059510 is handled. Duration 119 ms by bot id=8495792418
2025-09-07 16:28:48,310 - aiogram.event - INFO - Update id=912059511 is handled. Duration 72 ms by bot id=8495792418
2025-09-07 16:28:49,481 - aiogram.event - INFO - Update id=912059512 is handled. Duration 120 ms by bot id=8495792418
2025-09-07 16:28:50,624 - aiogram.event - INFO - Update id=912059513 is handled. Duration 154 ms by bot id=8495792418
2025-09-07 16:28:51,641 - aiogram.event - INFO - Update id=912059514 is handled. Duration 124 ms by bot id=8495792418
2025-09-07 16:28:53,560 - aiogram.event - INFO - Update id=912059515 is handled. Duration 613 ms by bot id=8495792418
2025-09-07 16:28:54,755 - aiogram.event - INFO - Update id=912059516 is handled. Duration 168 ms by bot id=8495792418
2025-09-07 16:28:55,576 - aiogram.event - INFO - Update id=912059517 is handled. Duration 171 ms by bot id=8495792418
2025-09-07 16:29:33,527 - aiogram.event - INFO - Update id=912059518 is handled. Duration 337 ms by bot id=8495792418
2025-09-07 16:29:36,131 - aiogram.event - INFO - Update id=912059519 is handled. Duration 242 ms by bot id=8495792418
2025-09-07 16:29:37,054 - aiogram.event - INFO - Update id=912059520 is handled. Duration 140 ms by bot id=8495792418
2025-09-07 16:29:38,638 - aiogram.event - INFO - Update id=912059521 is handled. Duration 226 ms by bot id=8495792418
2025-09-07 16:29:39,461 - aiogram.dispatcher - WARNING - Received SIGINT signal
2025-09-07 16:29:39,461 - aiogram.dispatcher - INFO - Polling stopped for bot @cgtest111bot id=8495792418 - 'CGTest1'
2025-09-07 16:29:39,461 - aiogram.dispatcher - INFO - Polling stopped
2025-09-07 16:29:44,790 - config.settings - INFO - ✅ Конфигурация прошла валидацию
2025-09-07 16:29:44,790 - database.database - INFO - 📁 База данных инициализирована: data/gamebot.db
2025-09-07 16:29:44,796 - __main__ - INFO - 🚀 GameMatch бот запускается...
2025-09-07 16:29:44,993 - aiogram.dispatcher - INFO - Start polling
2025-09-07 16:29:45,043 - aiogram.dispatcher - INFO - Run polling for bot @cgtest111bot id=8495792418 - 'CGTest1'
2025-09-07 16:29:53,159 - handlers.start - INFO - 👤 Пользователь 764045276 (justloveroff) запустил бота
2025-09-07 16:29:53,351 - aiogram.event - INFO - Update id=912059522 is handled. Duration 191 ms by bot id=8495792418
2025-09-07 16:29:55,119 - aiogram.event - INFO - Update id=912059523 is handled. Duration 119 ms by bot id=8495792418
2025-09-07 16:29:58,330 - aiogram.event - INFO - Update id=912059524 is handled. Duration 67 ms by bot id=8495792418
2025-09-07 16:30:02,488 - aiogram.event - INFO - Update id=912059525 is handled. Duration 111 ms by bot id=8495792418
2025-09-07 16:30:03,543 - aiogram.event - INFO - Update id=912059526 is handled. Duration 145 ms by bot id=8495792418
2025-09-07 16:30:54,289 - aiogram.event - INFO - Update id=912059527 is handled. Duration 411 ms by bot id=8495792418
2025-09-07 16:31:00,756 - aiogram.event - INFO - Update id=912059528 is handled. Duration 115 ms by bot id=8495792418
2025-09-07 16:31:23,811 - aiogram.event - INFO - Update id=912059529 is handled. Duration 143 ms by bot id=8495792418
2025-09-07 16:31:35,590 - aiogram.event - INFO - Update id=912059530 is handled. Duration 120 ms by bot id=8495792418
2025-09-07 16:31:39,349 - aiogram.event - INFO - Update id=912059531 is handled. Duration 64 ms by bot id=8495792418
2025-09-07 16:33:37,896 - aiogram.dispatcher - WARNING - Received SIGINT signal
2025-09-07 16:33:37,897 - aiogram.dispatcher - INFO - Polling stopped for bot @cgtest111bot id=8495792418 - 'CGTest1'
2025-09-07 16:33:37,897 - aiogram.dispatcher - INFO - Polling stopped
2025-09-07 16:33:40,891 - config.settings - INFO - ✅ Конфигурация прошла валидацию
2025-09-07 16:33:40,891 - database.database - INFO - 📁 База данных инициализирована: data/gamebot.db
2025-09-07 16:33:40,896 - __main__ - INFO - 🚀 GameMatch бот запускается...
2025-09-07 16:33:41,155 - aiogram.dispatcher - INFO - Start polling
2025-09-07 16:33:41,201 - aiogram.dispatcher - INFO - Run polling for bot @cgtest111bot id=8495792418 - 'CGTest1'
2025-09-07 16:33:45,320 - aiogram.event - INFO - Update id=912059532 is handled. Duration 185 ms by bot id=8495792418
2025-09-07 16:33:47,605 - aiogram.event - INFO - Update id=912059533 is handled. Duration 411 ms by bot id=8495792418
2025-09-07 16:33:48,395 - aiogram.event - INFO - Update id=912059534 is handled. Duration 174 ms by bot id=8495792418
2025-09-07 16:33:49,462 - aiogram.event - INFO - Update id=912059535 is handled. Duration 128 ms by bot id=8495792418
2025-09-07 16:39:09,787 - aiogram.dispatcher - WARNING - Received SIGINT signal
2025-09-07 16:39:09,787 - aiogram.dispatcher - INFO - Polling stopped for bot @cgtest111bot id=8495792418 - 'CGTest1'
2025-09-07 16:39:09,787 - aiogram.dispatcher - INFO - Polling stopped
